buy/build/intermediates/manifest_merge_blame_file/debug/manifest-merger-blame-debug-report.txt
1<?xml version="1.0" encoding="utf-8"?>
2<manifest xmlns:android="http://schemas.android.com/apk/res/android"
3    package="com.example.buy"
4    android:versionCode="1"
5    android:versionName="1.0" >
6
7    <uses-sdk
8        android:minSdkVersion="17"
8-->src\main\AndroidManifest.xml
9        android:targetSdkVersion="29" />
9-->src\main\AndroidManifest.xml
10
11    <uses-permission android:name="android.permission.INTERNET" />
11-->src\main\AndroidManifest.xml:5:5-67
11-->src\main\AndroidManifest.xml:5:22-64
12    <uses-permission android:name="android.permission.READ_PHONE_STATE" />
12-->src\main\AndroidManifest.xml:6:5-75
12-->src\main\AndroidManifest.xml:6:22-72
13    <uses-permission android:name="android.permission.ACCESS_NETWORK_STATE" />
13-->src\main\AndroidManifest.xml:7:5-79
13-->src\main\AndroidManifest.xml:7:22-76
14    <uses-permission android:name="android.permission.ACCESS_WIFI_STATE" />
14-->src\main\AndroidManifest.xml:8:5-76
14-->src\main\AndroidManifest.xml:8:22-73
15    <uses-permission android:name="android.permission.WRITE_EXTERNAL_STORAGE" />
15-->src\main\AndroidManifest.xml:9:5-81
15-->src\main\AndroidManifest.xml:9:22-78
16
17    <application>
17-->src\main\AndroidManifest.xml:11:5-16:19
18        <activity android:name="com.example.buy.activity.PayGoodsActivity" />
18-->src\main\AndroidManifest.xml:12:9-87
18-->src\main\AndroidManifest.xml:12:19-75
19        <activity android:name="com.example.buy.activity.SendGoodsActivity" />
19-->src\main\AndroidManifest.xml:13:9-64
19-->src\main\AndroidManifest.xml:13:19-61
20        <activity android:name="com.example.buy.activity.ShoppingResultActivity" />
20-->src\main\AndroidManifest.xml:14:9-69
20-->src\main\AndroidManifest.xml:14:19-66
21        <activity android:name="com.example.buy.activity.OrderActivity" />
21-->src\main\AndroidManifest.xml:15:9-60
21-->src\main\AndroidManifest.xml:15:19-57
22    </application>
23
24</manifest>